-------------------------------------------------------------------------------
Test set: com.sis.com.SisApplicationTests
-------------------------------------------------------------------------------
Tests run: 1, Failures: 0, Errors: 1, Skipped: 0, Time elapsed: 1.131 s <<< FAILURE! - in com.sis.com.SisApplicationTests
initializationError(com.sis.com.SisApplicationTests)  Time elapsed: 0.015 s  <<< ERROR!
java.lang.IllegalStateException: Unable to find a @SpringBootConfiguration, you need to use @ContextConfiguration or @SpringBootTest(classes=...) with your test

